https://accessibility.cvshealth.com [200] [CVS Health Accessibility]
https://accessl.aetna.com [200] [VMware Horizon]
https://accessmeritain.aetna.com [302] []
https://access.aetna.com [302] []
https://accesscvty.aetna.com [302] []
https://accessai.aetna.com [302] []
http://aacounty.aetna.com [301] [301 Moved Permanently]
https://advocate.aetna.com [404] []
http://advocate.cld.aetna.com [302] []
http://700goodreasons.cvs.com [302] []
http://adn.cld.aetna.com [200] []
https://aeauth.aei.aetna.com [200] []
http://adbm-cdn.aetna.com [301] [301 Moved Permanently]
https://aeauth.aetna.com [200] []
http://aempreview-sni.xp.aws.aetna.com [302] []
http://aempreview.aetna.com [302] []
https://aetnabetterhealth-virginia.aetna.com [404] []
https://aemes.aetna.com [200] [Planes de seguro de salud y cobertura dental]
http://adnhealth.aei.aetna.com [302] []
https://aetnarptrx.aetna.com [200] [Apache Tomcat/9.0.37]
https://aetnastreamdev.aetna.com [302] [Document Moved]
https://ahia.aei.aetna.com [200] []
https://aet.na [301] []
https://ahia2020.aei.aetna.com [404] [404 - File or directory not found.]
https://ahmtableau.aei.aetna.com [200] []
https://ahmtableau.aetna.com [200] []
https://agb.aetna.com [200] []
https://ahia.aetna.com [302] []
http://aetna.com [302] []
https://alvie-qa.cvs.com [403] [Access Denied]
https://amazon.aetna.com [200] [Home :: Aetna Amazon]
https://amazon.cld.aetna.com [403] [403 Forbidden]
https://anchor1.caremark.com [403] [403 Forbidden]
https://anchor2.caremark.com [403] [403 Forbidden]
https://amedicaid.aei.aetna.com [404] []
https://analytics.aei.aetna.com [200] []
https://analytics.aetna.com [302] []
https://api-test.datareportingportal.caremark.com [403] []
https://ap5.aei.aetna.com [500] [CA Access Gateway - Error Report]
https://ap5.aetna.com [401] [401: Access Denied]
https://api.cvshealth.com [404] []
https://api.digital-services.cvshealth.com [403] [403]
https://api.datareportingportal.caremark.com [403] []
https://api2.aetna.com [404] []
https://apih2.aetna.com [404] []
https://apih3.aetna.com [404] []
https://apih5.aetna.com [404] []
https://apih8.cvs.com [404] []
https://apih6.aetna.com [404] []
https://apih1.aetna.com [404] []
https://app.thinkagent.com.aei.aetna.com [400] [400 Bad Request]
https://applewatch-dev.cld.aetna.com [403] [403 Forbidden]
https://apps.aei.aetna.com [503] []
https://applewatch-dev.aetna.com [403] [403 Forbidden]
http://applewatch.cld.aetna.com [302] []
https://argocd-np.dev.digital-avscan.cvshealth.com [403] [403]
http://applewatch.aetna.com [302] []
https://argocd-eip-c360-prod.cvshealth.com [403] [403]
https://argocd-np.dev.digital-messaging.cvshealth.com [403] [403]
https://argocd-np.digital-avscan.qa.cvshealth.com [403] [403]
https://apq.aetna.com [401] [401: Access Denied]
https://argocd-np.digital-ice-qa.cvshealth.com [403] [403]
https://argocd-np.digital-messaging-dev.cvshealth.com [403] [403]
https://argocd-np.digital-messaging-qa.cvshealth.com [403] [403]
https://argocd-np.digital-pbm-rx-dev.cvshealth.com [403] [403]
https://argocd-np.digital-pbm-rx-sit.cvshealth.com [403] [403]
https://argocd-np.digital-pbm-rx-pt-west.cvshealth.com [403] [403]
https://argocd-np.digital-pbm-rx-pt.cvshealth.com [403] [403]
https://argocd-np.digital-retail-rx-dev.cvshealth.com [403] [403]
https://argocd-np.digital-retail-rx-qa.cvshealth.com [403] [403]
https://argocd-np.digital-specialty-rx-dev.cvshealth.com [403] [403]
https://argocd-np.digital-specialty-rx-cq-dev.cvshealth.com [403] [403]
https://argocd-np.digital-shared-services-dev.cvshealth.com [403] [403]
https://argocd-np.eip-c360-nonprod.cvshealth.com [403] [403]
https://argocd-np.digital-shared-services-qa.cvshealth.com [403] [403]
https://argocd-prod-dr-ohs-ms.cvshealth.com [403] [403]
https://argocd-np.pt-mfe-ms.cvshealth.com [403] [403]
https://argocd-np.sit1.digital-avscan.cvshealth.com [403] [403]
https://argocd-np.digital-services.cvshealth.com [403] [403]
https://argocd-prod-ohs-ms.cvshealth.com [403] [403]
https://argocd-np.digital-retail-rx-ice-dev.cvshealth.com [403] [403]
https://argocd-qa-ecomm.cvshealth.com [403] [403]
https://argocd-sb.digital-services.cvshealth.com [403] [403]
https://argocd.digital-services.cvshealth.com [403] [403]
https://argocd.prod.digital-clientapi.cvshealth.com [403] [403]
https://argocd.ste-ms.cvshealth.com [403] [403]
https://argocd.digital-messaging-prod.cvshealth.com [403] [403]
https://art.aetna.com [200] [ART - Reporting]
https://assets-qa1.cvshealth.com [200] []
https://assets-qa2.cvshealth.com [200] []
https://assets-beta.cvshealth.com [200] []
https://assets-qa3.cvshealth.com [200] []
https://assetlibrary.aetna.com [404] []
http://artbi.aetna.com [302] []
https://assets-sit1.cvshealth.com [200] []
https://assets-sit4.cvshealth.com [200] []
https://assets-sit3.cvshealth.com [200] []
http://autodiscover.aetna.com [301] []
https://assets-sit2.cvshealth.com [200] []
https://assets.cvshealth.com [200] []
https://assets.aei.aetna.com [400] [Invalid URL]
https://assets.aetna.com [200] [Homepage]
https://autoemail.aetna.com [400] [Invalid URL]
https://assistant.aei.aetna.com [503] []
http://autonation.cld.aetna.com [302] []
https://awrmdr.cvshealth.com [404] [Error: 404 Not Found]
https://bell-apis.cvshealth.com [403] [Access Denied]
https://b2b-uat.cvshealth.com [404] []
https://b2b.caremark.com [302] []
https://b2bsit.caremark.com [302] []
https://b2b.cvshealth.com [404] []
https://b2b-uat-cloud.cvshealth.com [404] []
https://benefitconsultant.caremark.com [200] []
https://benefitservices.caremark.com [403] [403 Forbidden]
https://bfu0864297531.vaeiq.aetna.com [404] []
https://bfu0864297531.aetna.com [404] []
https://c.cvs.com [301] []
https://breakingbarriers.aetna.com [200] [Homepage | Aetna | Breaking Barriers]
https://care.cvs.com [302] []
https://cart-dr-ms.cvshealth.com [403] [403]
https://caremark.com [403] [Access Denied]
http://bswift-eguides.xp.aws.aetna.com [302] []
https://cas.caremark.com [200] []
http://babcockm@aetna.com [302] []
https://boeing.banneraetna.com.cld.aetna.com [200] [Home :: Boeing - Banner | Aetna]
https://cdcpt.cvs.com [403] [Access Denied]
https://cdhia.caremark.com [301] [301 Moved Permanently]
https://circular.cvs.com [406] []
https://choosehealth.aetna.com [404] []
https://circular-test.cvs.com [406] []
https://citrix.minuteclinic.com [302] []
https://click.em.cvs.com [403] [403 - Forbidden: Access is denied.]
https://click.ema.aetna.com [403] [403 - Forbidden: Access is denied.]
https://click.e.myplanportal.com [403] [403 - Forbidden: Access is denied.]
https://client.caremark.com [200] [Caremark Client Portal]
https://click.email.ahm.aetna.com [403] [403 - Forbidden: Access is denied.]
https://click.notification.cvs.com [404] [404 Not Found]
https://cldaz.aei.aetna.com [503] []
https://click.ema.ahm.aetna.com [403] [403 - Forbidden: Access is denied.]
https://client85.caremark.com [200] [Caremark Client Portal]
https://cmsservices.cvshealth.com [403] [Access Denied]
https://cmt-uat.cvs.com [403] []
https://clientint.caremark.com [403] [Access Denied]
https://click.advice.rxhealthinfo.com [403] [403 - Forbidden: Access is denied.]
http://ccgcustom.aetna.com [404] []
https://client.aetna.com [200] [Caremark Client Portal]
https://cloud.email.ahm.aetna.com [403] [403 - Forbidden: Access is denied.]
https://cloud.caremark.com [403] [403 - Forbidden: Access is denied.]
https://cloud.ema.ahm.aetna.com [403] [403 - Forbidden: Access is denied.]
https://cmt-dev.cvs.com [401] [401 Unauthorized]
https://cmt.cvs.com [401] [401 Unauthorized]
https://cloud.e.healthcloud.cvshealth.com [403] [403 - Forbidden: Access is denied.]
https://cloud.ema.aetna.com [403] [403 - Forbidden: Access is denied.]
https://cloud.email.healthcloud.cvshealth.com [403] [403 - Forbidden: Access is denied.]
https://click.email.healthcloud.cvshealth.com [403] [403 - Forbidden: Access is denied.]
http://chip.aetna.com [302] [302 Found]
https://connect.cvs.com [200] []
https://connect1.cvs.com [200] []
https://connect2.cvs.com [200] []
https://connect1.caremark.com [200] []
https://connect2v.caremark.com [200] []
https://connect1v.caremark.com [200] []
https://connect2.caremark.com [200] []
https://connect3v.caremark.com [200] []
https://connect3.cvs.com [200] []
https://connectca3.caremark.com [200] []
https://connect4.cvs.com [200] []
https://connect5.caremark.com [200] []
http://click.e.healthcloud.cvshealth.com [301] []
https://connectca1.caremark.com [200] []
https://connectca2.caremark.com [200] []
https://connectcall.caremark.com [302] []
https://connectdr.cvs.com [200] []
https://connectdr.caremark.com [200] []
https://connectme.caremark.com [302] []
https://connectme.cvs.com [302] []
https://connectp1.caremark.com [200] []
https://connectp2.caremark.com [200] []
https://covid.digital-services.cvshealth.com [403] [403]
https://crm.cvs.com [200] []
https://cte.digital-services.cvshealth.com [403] [403]
https://cte1.digital-services.cvshealth.com [403] [403]
https://cteapi.digital-services.cvshealth.com [403] [403]
https://cte1www.caremark.com [302] []
https://cte-2waysslservices.caremark.com [503] [Service Unavailable - Fail to connect]
https://cte1www1.caremark.com [200] []
https://cteclient.caremark.com [200] [Caremark Client Portal]
https://ctefast.caremark.com [200] []
https://ctesdkservices-2wayssl.caremark.com [403] []
https://ctesdkservices.caremark.com [500] []
https://ctepbmservices.caremark.com [500] []
https://cvs.com [301] []
http://crl.aei.aetna.com [200] [CVS Healthcare Certificate Chain Download]
https://cvshealth.com [301] []
https://cvsh-tv.cvs.com [302] []
https://cvshealthaetna.com [301] []
https://cvs.co [301] []
https://cvsapmproddata.cvshealth.com [200] []
https://cvscare.com [301] []
https://customercooperative.cld.aetna.com [403] [403 Forbidden]
https://ctephysicianservices.caremark.com [503] [Error]
https://cvsaco.com [301] []
https://cvshealth2faccess.caremark.com [200] [CVSCaremark Online Applications | CVSHealth - redirect]
https://cvs.sourcing.ariba.com [302] [302 Found]
https://cvstransitions.com [404] [Web Site Not Found]
https://ctespecialtyservices.caremark.com [503] [Error]
https://ddl.cvs.com [302] []
https://ddlqa.cvs.com [302] []
https://d.cvs.com [503] [Service Unavailable]
http://ddl_qa.cvs.com [302] []
https://delivery.cvs.com [200] [CVS Pharmacy® Powered by Instacart]
https://cxt5ui.aei.aetna.com [403] [403 - Forbidden: Access is denied.]
https://cxt5ui.aetna.com [403] [403 - Forbidden: Access is denied.]
https://cxt6ui.aei.aetna.com [200] []
https://datahub.aetna.com [405] [405 Not allowed.]
https://design.cvs.com [200] [Enterprise Digital Design System]
https://dentaldirect.aetna.com [200] [Aetna Dental® Direct]
https://depservices.cvs.com [404] []
https://demofast.caremark.com [200] []
https://dev-blue.digital-healthservices.cvs.com [403] [403]
https://demopihms.aetna.com [404] []
https://demopihms.vaeiq.aetna.com [404] []
https://dev-author.cvshealth.com [302] []
https://dev-fs.cvs.com [403] [403]
https://dev-dcl.aetna.com [200] [Home]
https://dev-green.digital-healthservices.cvs.com [403] [403]
https://dev-iaem.aetna.com [404] [404 Not Found]
http://custom.aetna.com [404] []
https://dev.digital-dfp-general.cvshealth.com [403] [403]
https://dev.digital-healthservices.cvs.com [403] [403]
https://dev.digital-health4life.cvshealth.com [403] [403]
https://dev.digital-services.cvshealth.com [403] [403]
https://design.aetna.com [200] [Enterprise Digital Design System]
https://dev.digital-virtualcare.cvs.com [403] [403]
https://dev.digital-messaging.cvshealth.com [403] [403]
https://dev1-services-gtwy-gcp.cvshealth.com [403] [403]
https://dev1.digital-messaging-dev.cvshealth.com [403] [403]
https://dev1.digital-retail-rx-dev.cvshealth.com [403] [403]
https://dev1.digital-retail-rx-ice-dev.cvshealth.com [403] [403]
https://dev1.digital-services.cvshealth.com [403] [403]
https://dev1.digital-shared-services-dev.cvshealth.com [403] [403]
https://dev1.digital-pbm-rx-dev.cvshealth.com [403] [403]
https://dev1.digital-dfp-general.cvshealth.com [403] [403]
https://dev1.digital-specialty-rx-dev.cvshealth.com [403] [403]
https://dev1.digital-health4life.cvshealth.com [403] [403]
https://dev1care.cvs.com [403] [Access Denied]
https://dev1.digital-specialty-rx-cq-dev.cvshealth.com [403] [403]
http://depservices-beta.cvs.com [301] []
https://dev.aetnanyct.cld.aetna.com [200] [Home :: Metropolitan Transit Authority (MTA) of NYC]
https://dev2-services-gtwy-gcp.cvshealth.com [403] [403]
https://dev2.digital-health4life.cvshealth.com [403] [403]
https://dev2.digital-messaging-dev.cvshealth.com [403] [403]
https://dev2.digital-retail-rx-ice-dev.cvshealth.com [403] [403]
https://dev2.digital-shared-services-dev.cvshealth.com [403] [403]
https://dev2.digital-services.cvshealth.com [403] [403]
https://dev2.digital-dfp-general.cvshealth.com [403] [403]
https://dev2.digital-specialty-rx-dev.cvshealth.com [403] [403]
https://dev2.digital-pbm-rx-dev.cvshealth.com [403] [403]
https://dev2.digital-retail-rx-dev.cvshealth.com [403] [403]
https://dev2.digital-specialty-rx-cq-dev.cvshealth.com [403] [403]
https://dev3.digital-messaging-dev.cvshealth.com [403] [403]
https://dev3.digital-retail-rx-dev.cvshealth.com [403] [403]
https://dev3.digital-pbm-rx-dev.cvshealth.com [403] [403]
https://dev3.digital-retail-rx-ice-dev.cvshealth.com [403] [403]
https://dev3.digital-services.cvshealth.com [403] [403]
https://dev3.digital-shared-services-dev.cvshealth.com [403] [403]
https://dev3.digital-specialty-rx-cq-dev.cvshealth.com [403] [403]
https://dev3.digital-specialty-rx-dev.cvshealth.com [403] [403]
https://dev3-services-gtwy-gcp.cvshealth.com [403] [403]
https://dev4.digital-services.cvshealth.com [403] [403]
https://dev4.digital-pbm-rx-dev.cvshealth.com [403] [403]
https://dev5.digital-services.cvshealth.com [403] [403]
https://dev6.digital-services.cvshealth.com [403] [403]
https://devamazon.cld.aetna.com [403] [403 Forbidden]
https://devamazon.aetna.com [401] [401 Unauthorized]
https://devboeing.banneraetna.com.cld.aetna.com [200] [Home :: Boeing - Banner | Aetna]
https://developer.cvshealth.com [403] [Access Denied]
https://developerportal.aetna.com [200] [Aetna Developer Portal]
https://development.bmshc.aetna.com [500] [concrete5 has encountered an issue.]
https://development.bmshc.cld.aetna.com [200] [Home :: Bucks and Montgomery County Schools]
https://devmagaw.aetna.com [200] [IIS Windows Server]
https://devmam.vaeiq.aetna.com [404] []
https://devmam.aetna.com [404] []
https://devsecopsmetricsdashboard.aetna.com [404] []
https://devnyp.cld.aetna.com [200] [Home :: Aetna New York Presbyterian]
https://devstyleguide.cld.aetna.com [302] []
https://devtheagency.cld.aetna.com [403] [403 Forbidden]
https://devstyleguide.aetna.com [302] []
https://digital-av-scan-prod.dr.cvshealth.com [403] [403]
https://digital-av-scan-prod.cvshealth.com [403] [403]
https://digital-ice-qa.cvshealth.com [403] [403]
https://digital-avscan.qa.cvshealth.com [403] [403]
https://digital-av-scan-prod.internal.cvshealth.com [403] [403]
https://digital-messaging-qa.cvshealth.com [403] [403]
https://digital-pbm-rx-pt.cvshealth.com [403] [403]
https://digital-messaging-dev.cvshealth.com [403] [403]
https://digital-av-scan-prod.dr.internal.cvshealth.com [403] [403]
https://digital-pbm-rx-sit.cvshealth.com [403] [403]
https://digital-retail-rx-dev.cvshealth.com [403] [403]
https://digital-retail-rx-prod.dr.cvshealth.com [403] [403]
https://digital-messaging-prod.cvshealth.com [403] [403]
https://digital-retail-rx-prod.cvshealth.com [403] [403]
https://digital-pbm-rx-dev.cvshealth.com [403] [403]
https://digital-retail-rx-ice-dev.cvshealth.com [403] [403]
https://digital-shared-services-qa.cvshealth.com [403] [403]
https://digital-specialty-rx-cq-dev.cvshealth.com [403] [403]
https://digital-specialty-rx-dev.cvshealth.com [403] [403]
https://digital-shared-services-dev.cvshealth.com [403] [403]
https://digitalsecurity-graphql.cvshealth.com [403] [403]
https://digital-retail-rx-qa.cvshealth.com [403] [403]
https://digitalsecurity-dashboards.cvshealth.com [403] [403]
https://digital-pbm-rx-pt-west.cvshealth.com [403] [403]
http://distributedcoreapiereferral.cvshealth.com [302] []
http://distributedcoreapinovosecure.cvshealth.com [302] []
https://dnaadmin.aetna.com [302] [Document Moved]
https://dnamealplanner.aetna.com [200] [Aetna DNA Meal Planner]
https://ds.cvs.com [301] []
https://dst1.cvs.com [403] [Access Denied]
https://dt.cvs.com [403] [Access Denied]
https://dst2.cvs.com [403] [Access Denied]
https://dt1.cvs.com [403] [Access Denied]
https://dt2.cvs.com [403] [Access Denied]
https://dss-rx-pt1.cvshealth.com [403] [403]
https://dt3.cvs.com [403] [Access Denied]
https://e-qa2.cvs.com [403] [Access Denied]
https://e.cvs.com [301] []
https://ds.caremark.com [200] []
https://dynatraceapm.cvshealth.com [404] [Error: 404 Not Found]
https://e.ahm.aetna.com [403] [403 - Forbidden: Access is denied.]
https://e-pharmacy.cvs.com [404] [404 Not Found]
https://eapmemberreferral.aetna.com [200] [Member Referral form]
https://e.pharmacy.cvs.com [403] [403 Forbidden]
https://eas.aei.aetna.com [200] []
https://eas.aetna.com [302] []
https://ece.aei.aetna.com [200] [Microsoft Internet Information Services 8]
https://ece.aetna.com [200] [Microsoft Internet Information Services 8]
https://ecedev.aei.aetna.com [200] [IIS Windows Server]
https://eipms-c360-nonprod-glb-gke.cvshealth.com [403] [403]
https://eipms-c360-prod-glb-gke.cvshealth.com [403] [403]
https://econsent-es.cvs.com [301] [301 Moved Permanently]
https://egrc.aei.aetna.com [200] []
https://eguardiandev.aetna.com [200] [Acceptto]
https://encompassfertility.com [301] []
https://employee.aei.aetna.com [404] []
https://employee.aetna.com [404] []
https://enterpriseregistration.aetna.com [404] [Service]
https://egrc.aetna.com [302] []
https://entservices.cvs.com [404] []
https://epsm.aei.aetna.com [200] [Thank You!]
https://epsm.aetna.com [200] [Thank You!]
https://es-qa4.cvs.com [403] [Access Denied]
https://es-it4.cvs.com [200] [CVS - Farmacia en línea, farmacia, medicamentos con receta e información de salud]
https://es-qa3.cvs.com [200] [CVS - Farmacia en línea, farmacia, medicamentos con receta e información de salud]
https://es.navarro.com [200] [Productos Hispanos - Fragancias, Productos de Salud y Belleza  | Navarro.com]
https://es-qa2.cvs.com [200] [CVS - Farmacia en línea, farmacia, medicamentos con receta e información de salud]
https://es.sit1care.cvs.com [403] [Access Denied]
https://es.sit2care.cvs.com [403] [Access Denied]
https://es-it1.cvs.com [200] [CVS - Farmacia en línea, farmacia, medicamentos con receta e información de salud]
https://es.cvs.com [200] [CVS - Farmacia en línea, farmacia, medicamentos con receta e información de salud]
https://es.minuteclinic.com [301] []
https://es.care.cvs.com [302] []
https://es-uat4.cvs.com [200] [CVS - Farmacia en línea, farmacia, medicamentos con receta e información de salud]
https://es-uat1.cvs.com [200] [CVS - Farmacia en línea, farmacia, medicamentos con receta e información de salud]
https://es-reg2.cvs.com [200] [CVS - Farmacia en línea, farmacia, medicamentos con receta e información de salud]
https://es-uat2.cvs.com [200] [CVS - Farmacia en línea, farmacia, medicamentos con receta e información de salud]
https://es-qa1.cvs.com [200] [CVS - Farmacia en línea, farmacia, medicamentos con receta e información de salud]
https://es-reg1.cvs.com [200] [CVS - Farmacia en línea, farmacia, medicamentos con receta e información de salud]
https://es-uat3.cvs.com [200] [CVS - Farmacia en línea, farmacia, medicamentos con receta e información de salud]
http://es.aei.aetna.com [302] []
https://es.aetna.com [200] [Planes de seguro de salud | Aetna]
http://es.wellnessonwheels.cld.aetna.com [302] []
https://espanol.caremark.com [200] [CVS Caremark |PBM y Mail Order Pharmacy |Iniciar sesión]
https://espanolpbm.aetna.com [302] []
https://espanol-sit1www.caremark.com [401] [Error]
https://etools.caremark.com [302] [Object moved]
https://espanol-sit3www.caremark.com [200] [Página de mantenimiento]
https://espanol-t.caremark.com [200] [Farmacia |Gestione, transfiera y reabastezca recetas en línea |CVS Pharmacy]
https://exchmigm0.aei.aetna.com [200] [Disabled]
https://express.cvs.com [302] []
https://exchmigm1.aei.aetna.com [200] [Disabled]
https://exchmigm1.aetna.com [200] [Disabled]
https://espanol-sit2www.caremark.com [200] [CVS Caremark |PBM y Mail Order Pharmacy |Iniciar sesión]
https://exchmigw0.aei.aetna.com [200] [Disabled]
https://exchmigm0.aetna.com [200] [Disabled]
https://exchmigw0.aetna.com [200] [Disabled]
https://exchmigw1.aei.aetna.com [200] [Disabled]
https://ext.aei.aetna.com [200] []
https://exchmigw1.aetna.com [200] [Disabled]
https://exteuad.aei.aetna.com [404] []
https://exteuappdynamics.aei.aetna.com [404] []
https://exteuappdynamics.aetna.com [404] []
https://extracareportal.cvs.com [200] []
https://exteuad.aetna.com [404] []
https://extracareportal-uat.cvs.com [200] []
https://ezlinkonline.aetna.com [200] [Welcome Plan Sponsor: Aetna EZLink]
https://fast.caremark.com [200] []
https://federatione.cvscaremark.com [404] [HTTP Status 404 – Not Found]
https://federatione.cvshealth.com [404] [HTTP Status 404 – Not Found]
https://federatione.cvs.com [404] [HTTP Status 404 – Not Found]
https://federation.aei.aetna.com [500] [CA Access Gateway - Error Report]
https://federationeuat.cvscaremark.com [404] [CA Access Gateway - Error Report]
https://federationeuat.cvs.com [404] [CA Access Gateway - Error Report]
https://federatione.caremark.com [404] [HTTP Status 404 – Not Found]
https://flushot.cvs.com [301] []
https://federationeuat.caremark.com [404] [CA Access Gateway - Error Report]
https://federatione.aetna.com [404] [HTTP Status 404 – Not Found]
https://federationeuat.cvshealth.com [404] [CA Access Gateway - Error Report]
http://f.colon@aetna.com [302] []
https://freebusy.cvshealth.com [403] [Access Denied]
https://federationw.cvs.com [404] [HTTP Status 404 – Not Found]
https://federationwuat.cvscaremark.com [500] [CA Access Gateway - Error Report]
https://federationw.cvshealth.com [404] [HTTP Status 404 – Not Found]
https://federationw.cvscaremark.com [404] [HTTP Status 404 – Not Found]
https://federationw.caremark.com [404] [HTTP Status 404 – Not Found]
https://federationwuat.cvs.com [404] [CA Access Gateway - Error Report]
https://federationwuat.cvshealth.com [404] [CA Access Gateway - Error Report]
https://formularysearch.caremark.com [301] [301 Moved Permanently]
https://federationwuat.caremark.com [404] [CA Access Gateway - Error Report]
https://firstlook.cld.aetna.com [403] [403 Forbidden]
https://firstlook.aetna.com [200] [Log in - First Look]
https://grafana-eip-c360-prod.cvshealth.com [403] [403]
https://grafana-np.dev.digital-avscan.cvshealth.com [403] [403]
https://grafana-np.dev.digital-messaging.cvshealth.com [403] [403]
https://grafana-np.digital-avscan.qa.cvshealth.com [403] [403]
https://grafana-np.digital-messaging-dev.cvshealth.com [403] [403]
https://grafana-np.digital-messaging-qa.cvshealth.com [403] [403]
https://grafana-np.digital-pbm-rx-dev.cvshealth.com [403] [403]
https://grafana-np.digital-pbm-rx-pt.cvshealth.com [403] [403]
https://grafana-np.digital-retail-rx-dev.cvshealth.com [403] [403]
https://grafana-np.digital-pbm-rx-sit.cvshealth.com [403] [403]
https://grafana-np.digital-retail-rx-ice-dev.cvshealth.com [403] [403]
https://grafana-np.digital-services.cvshealth.com [403] [403]
https://grafana-np.digital-shared-services-qa.cvshealth.com [403] [403]
https://grafana-np.digital-specialty-rx-cq-dev.cvshealth.com [403] [403]
https://grafana-np.digital-specialty-rx-dev.cvshealth.com [403] [403]
https://grafana-np.eip-c360-nonprod.cvshealth.com [403] [403]
https://grafana-np.digital-shared-services-dev.cvshealth.com [403] [403]
https://grafana-prod-dr-ohs-ms.cvshealth.com [403] [403]
https://grafana-np.pt-mfe-ms.cvshealth.com [403] [403]
https://github.aetna.com [404] []
https://grafana-np.sit1.digital-avscan.cvshealth.com [403] [403]
http://globalsecurity.cld.aetna.com [302] []
https://grafana-np.digital-retail-rx-qa.cvshealth.com [403] [403]
https://grafana-np.digital-pbm-rx-pt-west.cvshealth.com [403] [403]
https://grafana-qa-ecomm.cvshealth.com [403] [403]
https://grafana.digital-messaging-prod.cvshealth.com [403] [403]
https://grafana.digital-services.cvshealth.com [403] [403]
https://grafana.prod.digital-clientapi.cvshealth.com [403] [403]
https://grafana.ste-ms.cvshealth.com [403] [403]
https://grafananp.digital-services.cvshealth.com [403] [403]
https://go.aetna.com [301] []
https://grafana-prod-ohs-ms.cvshealth.com [403] [403]
http://globalsecurity.aetna.com [302] []
https://hearthaus.cvshealth.com [200] [Welcome to Acquia Cloud]
https://health.cvs.com [302] [Object moved]
https://health.aetna.com [200] []
https://hl7.cvshealth.com [200] [TIBCO BusinessWorks - Error 404: WSDL file not Found.]
https://healthinsurance.aetna.com [301] []
https://healthinsurance.cld.aetna.com [301] []
https://i-uat.cvs.com [302] []
https://i.cvs.com [301] []
https://i-qa2.cvs.com [302] []
https://icet-cte.cvs.com [200] [Pharmacy | Manage, Transfer, & Refill Prescriptions Online | CVS Pharmacy]
https://icet-cte.caremark.com [200] [Pharmacy | Manage, Transfer, & Refill Prescriptions Online | CVS Pharmacy]
http://geof@aetna.com [302] []
https://icet-sit1.cvs.com [200] [Pharmacy | Manage, Transfer, & Refill Prescriptions Online | CVS Pharmacy]
https://icet-sit2.cvs.com [200] [Pharmacy | Manage, Transfer, & Refill Prescriptions Online | CVS Pharmacy]
https://icesit4w.caremark.com [400] [Invalid URL]
https://icet-sit3w.cvs.com [200] [Pharmacy | Manage, Transfer, & Refill Prescriptions Online | CVS Pharmacy]
https://icesit3w.caremark.com [200] [Pharmacy | Manage, Transfer, & Refill Prescriptions Online | CVS Pharmacy]
https://icet-stp.cvs.com [200] [Pharmacy | Manage, Transfer, & Refill Prescriptions Online | CVS Pharmacy]
https://icet-sit3.cvs.com [200] [Pharmacy | Manage, Transfer, & Refill Prescriptions Online | CVS Pharmacy]
https://icet-sit4w.caremark.com [200] [Pharmacy | Manage, Transfer, & Refill Prescriptions Online | CVS Pharmacy]
https://icet-sit2.caremark.com [200] [Pharmacy | Manage, Transfer, & Refill Prescriptions Online | CVS Pharmacy]
https://icet-sit3.caremark.com [200] [Pharmacy | Manage, Transfer, & Refill Prescriptions Online | CVS Pharmacy]
https://icet-stp.caremark.com [200] [Pharmacy | Manage, Transfer, & Refill Prescriptions Online | CVS Pharmacy]
https://icet-sit4w.cvs.com [200] [Pharmacy | Manage, Transfer, & Refill Prescriptions Online | CVS Pharmacy]
https://icet-sit1.caremark.com [404] [Page Not Found - 404]
https://image.em.cvs.com [403] [Access Denied]
https://image.em.virtualcare.cvs.com [403] [Access Denied]
http://info.cvshealth.com [404] [Web Site Not Found]
https://info.caremark.com [301] []
http://icmf.hc.aetna.com [302] []
https://incedoproviderconnect.aei.aetna.com [403] [403 - Forbidden: Access is denied.]
https://incedoproviderconnect.aetna.com [302] []
https://investors-beta.cvshealth.com [403] [Access Denied]
https://investors.cvshealth.com [301] [Object moved]
https://intuneasa.aetna.com [200] []
https://it1-fs.cvs.com [403] [403]
https://it2-fs.cvs.com [403] [403]
https://it3-fs.cvs.com [403] [403]
https://it4-fs.cvs.com [403] [403]
http://icet-pt.cvs.com [302] []
https://itools.aetna.com [404] [Not Found]
https://investor.aetna.com [404] [Web Site Not Found]
https://jaeger-eip-c360-prod.cvshealth.com [403] [403]
https://jaeger-np.eip-c360-nonprod.cvshealth.com [403] [403]
https://itsmdev1.cvs.com [302] []
https://jobs.cvshealth.com [200] [CVS Health Jobs- Career Opportunities Home Page]
https://jobapply.cvshealth.com [200] [CVS Healthcare]
https://kiali-eip-c360-prod.cvshealth.com [403] [403]
https://kiali-np.dev.digital-avscan.cvshealth.com [403] [403]
https://kiali-np.dev.digital-messaging.cvshealth.com [403] [403]
https://kiali-np.digital-avscan.qa.cvshealth.com [403] [403]
https://kiali-np.digital-messaging-qa.cvshealth.com [403] [403]
https://kiali-np.digital-pbm-rx-dev.cvshealth.com [403] [403]
https://kiali-np.digital-pbm-rx-pt-west.cvshealth.com [403] [403]
https://kiali-np.digital-messaging-dev.cvshealth.com [403] [403]
https://kiali-np.digital-retail-rx-dev.cvshealth.com [403] [403]
https://kiali-np.digital-pbm-rx-sit.cvshealth.com [403] [403]
https://kiali-np.digital-shared-services-dev.cvshealth.com [403] [403]
https://kiali-np.digital-specialty-rx-cq-dev.cvshealth.com [403] [403]
https://kiali-np.digital-shared-services-qa.cvshealth.com [403] [403]
https://kiali-np.sit1.digital-avscan.cvshealth.com [403] [403]
https://kiali-np.pt-mfe-ms.cvshealth.com [403] [403]
https://kiali-np.digital-retail-rx-qa.cvshealth.com [403] [403]
https://kiali-np.digital-pbm-rx-pt.cvshealth.com [403] [403]
https://kiali-qa-ecomm.cvshealth.com [403] [403]
https://kiali.digital-messaging-prod.cvshealth.com [403] [403]
https://kiali.digital-services.cvshealth.com [403] [403]
https://kiali.prod.digital-clientapi.cvshealth.com [403] [403]
https://kiali-np.eip-c360-nonprod.cvshealth.com [403] [403]
https://kiali.ste-ms.cvshealth.com [403] [403]
https://kiali-np.digital-retail-rx-ice-dev.cvshealth.com [403] [403]
https://kiali-np.digital-specialty-rx-dev.cvshealth.com [403] [403]
https://kidneyconfident.com [301] []
https://kiali-prod-ohs-ms.cvshealth.com [403] [403]
https://kialinp.digital-services.cvshealth.com [403] [403]
https://kiali-prod-dr-ohs-ms.cvshealth.com [403] [403]
https://kiteworks.cvshealth.com [200] []
https://kiteworks-west.cvshealth.com [200] []
https://kiteworks-east.cvshealth.com [200] []
https://lb.digitalworldpaydev.cvs.com [301] [Redirecting to /standalone]
https://landing.aetna.com [404] []
https://links.transautoemail.aetna.com [200] [Anti-Spam and Privacy]
https://lyncdiscover.aetna.com [200] []
https://lp.aetna.com [302] []
https://m-it3.cvs.com [301] []
https://m-it2.cvs.com [301] []
https://m-uat1.cvs.com [301] []
https://m-it1.cvs.com [301] []
https://m-akatest.cvs.com [301] []
https://m-uat4.cvs.com [301] []
https://m-qa2.cvs.com [301] []
https://m-uat3.cvs.com [301] []
https://m-pt2.cvs.com [301] []
https://m-qa1.cvs.com [301] []
https://m-reg1.cvs.com [301] []
https://m-beta.cvs.com [302] []
https://m-it4.cvs.com [301] []
https://m.cvs.com [301] []
https://m-reg2.cvs.com [301] []
https://m.caremark.com [302] []
https://mail.cvshealth.com [403] [Access Denied]
https://macmgmt.aetna.com [404] []
https://mapdsb-qa.aetna.com [200] []
https://mail-connect.aetna.com [302] []
https://mcdev-hlp.apps.cvshealth.com [403] [403]
https://mam.aei.aetna.com [404] []
https://mam.aetna.com [404] []
https://marketing-healthinsurance.aetna.com [301] []
https://mcdev-ui.apps.cvshealth.com [403] [403 Forbidden]
https://mcprod-blue-ui.apps.cvshealth.com [403] [403 Forbidden]
https://mcprod-green-ui.apps.cvshealth.com [403] [403 Forbidden]
https://mcpt-ui.apps.cvshealth.com [403] [403 Forbidden]
https://mcqa-ui.apps.cvshealth.com [403] [403 Forbidden]
https://marpai.getprecert.aei.aetna.com [200] []
https://mc-cloud-dev-services.cvs.com [200] []
https://mc-cloud-qa-services.cvs.com [200] []
https://meddplanfinder.cvs.com [503] [Service Unavailable]
https://media3.aei.aetna.com [404] [Not Found]
https://medguides.cvshealth.com [404] []
https://media3.aetna.com [404] [Not Found]
https://medicaid.aetna.com [404] []
https://medicaidportal.aei.aetna.com [403] [403 - Forbidden: Access is denied.]
https://messagereg.cvs.com [400] [Invalid URL]
https://medicaidportal.aetna.com [200] [Unavailable]
https://message.cvs.com [200] []
https://metrics-sentry.cvshealth.com [200] []
https://mfe-configui-np.pt-mfe-ms.cvshealth.com [403] [403]
https://messagesit2.cvs.com [200] []
https://messagesit1.cvs.com [200] []
https://mftweb.cvshealth.com [302] []
https://member.aetna.com [200] [Aetna U.S. Healthcare - MemberWeb site index page]
https://messagesit3.cvs.com [503] [Error]
https://messagedev1.cvs.com [503] [Error]
https://metrics.cvshealth.com [500] [Internal Server Error]
https://mirage-api.cvshealth.com [404] []
https://minuteclinic.com [302] []
https://mobile.aei.aetna.com [404] []
https://mobileapps.aei.aetna.com [301] [301 Moved Permanently]
https://mobile.aetna.com [404] []
https://msserver.cvs.com [401] []
https://mobile.stream.aei.aetna.com [403] [403 - Forbidden: Access is denied.]
https://mobileapps.aetna.com [301] [301 Moved Permanently]
https://mobile.stream.aetna.com [502] [502 - Web server received an invalid response while acting as a gateway or proxy server.]
https://mychart.cvshealth.com [302] []
https://mychart.minuteclinic.com [302] []
https://myhr.cvshealth.com [301] []
https://myhr.cvs.com [301] []
https://my.aetna.com [403] [403 - Forbidden: Access is denied.]
https://navarro.com [403] [Access Denied]
https://mylife-akamai.cvshealth.com [302] [302 Found]
https://mychart.cvsspecialty.com [302] [Document Moved]
https://mx4.caremark.com [404] [Not Found]
https://myac.cvshealth.com [302] [302 Found]
https://mx5.caremark.com [404] [Not Found]
https://mychart.cvs.com [302] [Document Moved]
https://mylife.cvshealth.com [302] [302 Found]
https://mycharttest.cvshealth.com [302] [Document Moved]
https://mypassword.cvs.com [403] [Access Denied]
https://non-prod.digital-dfp-dev.cvshealth.com [403] [403]
https://mychart.accordant.com [302] [Document Moved]
https://non-prod.digital-dfp-qa.cvshealth.com [403] [403]
https://non-prod.digital-dfp-general.cvshealth.com [403] [403]
https://nonprod.digital-services.cvshealth.com [403] [403]
https://mypassword.aei.aetna.com [200] [Access Denied]
http://mylife-pt.cvshealth.com [302] []
https://myworkplaceinfo.com [404] [Web Site Not Found]
https://news.cld.aetna.com [302] []
https://news.aetna.com [302] []
http://octodeploy-cloud.cld.aetna.com [302] []
http://offer.cvs.com [200] [Landing Page Server]
http://octodeploy-cloud.aetna.com [302] []
https://omniviewservices.caremark.com [403] [Access Denied]
https://omniviewmobile.caremark.com [403] [Access Denied]
https://optical.cvs.com [301] []
https://optical-mvctest.cvs.com [503] [Error]
https://optical-test.cvs.com [503] [Service Unavailable]
https://nyp.cld.aetna.com [200] [Home :: Aetna New York Presbyterian]
https://ontracktableau.aei.aetna.com [403] [403 - Forbidden: Access is denied.]
https://ontracktableau.aetna.com [200] []
https://open.cvs.com [200] []
https://otch.cvs.com [403] [403 Forbidden]
https://ot.aei.aetna.com [404] [Not Found]
https://ot.aetna.com [200] [OT.aetna.com - Office Technology Standards]
http://outlook.aei.aetna.com [302] []
https://payments.cnpapi.cvs.com [503] [Error]
https://parkland.aetna.com [404] []
https://payorsolutions.cvshealth.com [200] [CVS Health Payor Solutions]
https://paz1expeapl2p.cvshealth.com [303] []
https://paz1expeapl1p.cvshealth.com [303] []
https://pbm.aetna.com [302] []
https://pbmservices.caremark.com [404] []
https://pbmepicfhir.cvshealth.com [200] [IIS Windows Server]
https://pazshdcsdpextwfh-01.caremark.com [404] []
https://perf.digital-health4life.cvshealth.com [403] [403]
https://perf.digital-services.cvshealth.com [403] [403]
https://perf1.digital-services.cvshealth.com [403] [403]
https://photo-store.cvs.com [301] []
https://perf2.digital-services.cvshealth.com [403] [403]
https://photohelp.cvs.com [302] []
https://pebot-api.aei.aetna.com [200] []
https://physicians.cvshealth.com [301] []
https://physicianservices.caremark.com [403] [Access Denied]
https://pensions.aei.aetna.com [503] []
https://photo-store-beta.cvs.com [400] [HTTP Status 400 – Bad Request]
https://personalhealthrecord.aetna.com [302] [302 Found]
https://pharmacy.cvs.com [404] [404 Not Found]
https://personalhealthrecord.aei.aetna.com [404] []
https://pensions.aetna.com [301] [301 Moved Permanently]
https://photo-smetrics.cvs.com [503] [Error]
https://photo-metrics.cvs.com [503] [Error]
https://pihms.aei.aetna.com [302] [302 Found]
https://pihms.aetna.com [302] [302 Found]
https://policy.cvshealth.com [403] [Access Denied]
https://postscript2017071.cvshealth.com [200] []
https://preprod-care.cvs.com [302] []
https://pr.aei.aetna.com [404] []
https://pr.aetna.com [404] []
https://pr.egdx.us [404] []
https://prevwww.aetna.com [403] [Access Denied]
https://preprod.cvs.com [302] []
https://postupdatpa.cvshealth.com [401] []
https://prod-dr-ohs-ms.cvshealth.com [403] [403]
https://prdwebtransport.caremark.com [200] []
https://prod-account.cvs.com [403] [403]
https://preprod-author.cvshealth.com [302] []
https://prod-blue-west.digital-virtualcare.cvs.com [403] [403]
https://prod-fs.cvs.com [403] [403]
https://prod-ohs-ms.cvshealth.com [403] [403]
https://prod-wallet.cvshealth.com [403] [403]
https://prod-west.digital-virtualcare.cvs.com [403] [403]
https://prod.digital-services.cvshealth.com [403] [403]
https://prod.digital-clientapi.cvshealth.com [403] [403]
https://prod-author.cvshealth.com [401] []
https://prod-2waysslservices.caremark.com [404] []
https://prod-west-fs.cvs.com [403] [403]
https://prod.digital-healthservices.cvs.com [404] []
https://prod-west.digital-healthservices.cvs.com [403] [403]
https://prod-west-blue.digital-healthservices.cvs.com [403] [403]
https://prod-west-green.digital-healthservices.cvs.com [403] [403]
https://prod.dr.digital-health4life.cvshealth.com [403] [403]
http://pkiadmin@aetna.com [302] []
https://prdyncm.aei.aetna.com [403] [403 - Forbidden: Access is denied.]
http://preves.aetna.com [302] []
https://prod1-account.cvs.com [403] [403]
https://prod1-fs.cvs.com [403] [403]
https://prod1-west-fs.cvs.com [403] [403]
https://prod1-ohs-ms.cvshealth.com [403] [403]
https://prod2-account.cvs.com [403] [403]
https://prod2-dr-ohs-ms.cvshealth.com [403] [403]
https://prod2-west-fs.cvs.com [403] [403]
https://prod2-fs.cvs.com [403] [403]
https://prod2-ohs-ms.cvshealth.com [403] [403]
https://prod1-dr-ohs-ms.cvshealth.com [403] [403]
https://prodwest-ecomm.cvs.com [403] [403]
https://prodwest-account.cvs.com [403] [403]
https://prodwest1-account.cvs.com [403] [403]
https://prodwest2-account.cvs.com [403] [403]
https://prodwest1-ecomm.cvs.com [403] [403]
https://protect-us.mimecast.com [404] []
https://prodwest2-ecomm.cvs.com [403] [403]
https://providerassessment.aetna.com [404] [Not Found]
https://pt-account.cvs.com [403] [403]
https://provider.illinicare.com [302] [302 Found]
https://pt-ecomm.cvshealth.com [403] [403]
https://pt-fs.cvs.com [403] [403]
https://pt-mfe-ms.cvshealth.com [403] [403]
https://pt1-account.cvs.com [403] [403]
https://pt1-ecomm.cvshealth.com [403] [403]
https://pt1-fs.cvs.com [403] [403]
https://pt1.digital-pbm-rx-pt-west.cvshealth.com [403] [403]
https://pt1.dss-rx-pt1.cvshealth.com [403] [403]
https://pt2-ecomm.cvshealth.com [403] [403]
https://pt2-account.cvs.com [403] [403]
http://psfin2uat.cvs.com [302] []
https://pt2-fs.cvs.com [403] [403]
https://pt2.digital-pbm-rx-pt-west.cvshealth.com [403] [403]
https://pt2.dss-rx-pt1.cvshealth.com [403] [403]
https://pt3-ecomm.cvshealth.com [403] [403]
https://pt2.digital-pbm-rx-pt.cvshealth.com [403] [403]
https://pt3.digital-pbm-rx-pt.cvshealth.com [403] [403]
https://pt4-ecomm.cvshealth.com [403] [403]
https://pt4.digital-pbm-rx-pt.cvshealth.com [403] [403]
https://pt4.digital-pbm-rx-pt-west.cvshealth.com [403] [403]
https://pt1.digital-pbm-rx-pt.cvshealth.com [403] [403]
https://pt3.digital-pbm-rx-pt-west.cvshealth.com [403] [403]
https://ptsdkservices-2wayssl.caremark.com [403] [Access Denied]
https://ptpbmservices.caremark.com [404] []
https://ptsdkservices.caremark.com [404] []
https://ptuce.cvs.com [302] [302 Found]
https://pvt.dr.digital-health4life.cvshealth.com [403] [403]
https://qa-account.cvs.com [403] [403]
https://ptdepservices.cvs.com [503] [Error]
https://qa-health.aetna.com [403] []
https://ptservices.cvs.com [503] [Error]
https://qa-ecomm.cvshealth.com [403] [403]
https://qa-fs.cvs.com [403] [403]
https://qa-author.cvshealth.com [302] []
https://qa1.digital-messaging-qa.cvshealth.com [403] [403]
https://qa1.digital-ice-qa.cvshealth.com [403] [403]
https://qa1.digital-retail-rx-qa.cvshealth.com [403] [403]
https://qa2-fs.cvs.com [403] [403]
https://qa1.digital-avscan.qa.cvshealth.com [403] [403]
https://qa1-fs.cvs.com [403] [403]
https://qa2.digital-avscan.qa.cvshealth.com [403] [403]
https://qa2.digital-ice-qa.cvshealth.com [403] [403]
https://qa2.digital-messaging-qa.cvshealth.com [403] [403]
https://qa2.digital-retail-rx-qa.cvshealth.com [403] [403]
https://qa2.digital-shared-services-qa.cvshealth.com [403] [403]
https://qa1.digital-shared-services-qa.cvshealth.com [403] [403]
https://qa2ezlinkonline.vaeiq.aetna.com [200] [Welcome Plan Sponsor: Aetna EZLink]
https://qa2ezlinkonline.aetna.com [200] [Welcome Plan Sponsor: Aetna EZLink]
https://qa2incedoproviderconnect.aetna.com [302] []
https://qa2member.myplanportal.vaeiq.aetna.com [302] [302 Found]
https://qa3-fs.cvs.com [403] [403]
https://qa3.digital-avscan.qa.cvshealth.com [403] [403]
https://qa3.digital-ice-qa.cvshealth.com [403] [403]
https://qa3.digital-messaging-qa.cvshealth.com [403] [403]
https://qa3.digital-retail-rx-qa.cvshealth.com [403] [403]
https://qa2www.mercycareadvantage.vaeiq.aetna.com [200] []
https://qa3.digital-shared-services-qa.cvshealth.com [403] [403]
https://qa2www.aetnastudenthealth.vaeiq.aetna.com [503] [503 Service Temporarily Unavailable]
https://qa2www.aetna.com [503] [503 Service Temporarily Unavailable]
https://qa2www.parklandhmo.aetna.com [502] [IIS 8.5 Detailed Error - 502.4 - Bad Gateway]
https://qa3incedoproviderconnect.aetna.com [302] []
https://qa4-fs.cvs.com [403] [403]
http://qa2es.aetna.com [302] []
https://qa3www.aetna.com [503] [503 Service Temporarily Unavailable]
https://qa4member.myplanportal.vaeiq.aetna.com [302] [302 Found]
https://qa73qrs.vaeiq.aetna.com [200] []
https://qa73qrs.aetna.com [401] [401 - Unauthorized: Access is denied due to invalid credentials.]
https://qaaeauth.vaeiq.aetna.com [200] []
https://qaaeauth.aetna.com [200] []
http://qaaem.xnp.aws.aetna.com [302] []
https://qaahia5.vaeiq.aetna.com [404] []
https://qaapi02.cvs.com [403] []
https://qaaiextlocalpbm.aetna.com [502] [502 - Web server mvmqshdarris02 received an invalid response while acting as a gateway or proxy server.]
https://qaamedicaid.vaeiq.aetna.com [404] []
https://qaapi2.vaeiq.aetna.com [404] []
https://qaapi2.aetna.com [404] []
https://qaapih2.aetna.com [404] []
https://qaapih1.vaeiq.aetna.com [404] []
https://qaapih3.aetna.com [404] []
https://qaapih1.aetna.com [404] []
https://qacognitive-platform.aetna.com [200] []
https://qad.aei.aetna.com [200] [Access Denied]
https://qaexteuad.vaeiq.aetna.com [404] []
https://qaexteuad.aetna.com [404] []
https://qamedicaid.aetna.com [403] []
https://qamedicaidportal.aetna.com [403] []
https://qamam.aetna.com [404] []
https://qamacmgmt.aetna.com [404] []
https://qamedicaidportal.vaeiq.aetna.com [403] [IIS 8.0 Detailed Error - 403.14 - Forbidden]
https://qamember.myplanportal.vaeiq.aetna.com [302] [302 Found]
https://qamobile.vaeiq.aetna.com [404] []
https://qamobile.aetna.com [404] []
https://qapr.aetna.com [404] []
https://qapr.vaeiq.aetna.com [404] []
https://qaqad.vaeiq.aetna.com [200] []
https://qapihms.aetna.com [404] []
https://qastarssurvey.aetna.com [502] [502 - Web server mvmqshdarris02 received an invalid response while acting as a gateway or proxy server.]
https://qastudents.aetnastudenthealth.vaeiq.aetna.com [200] []
https://qatoken.aetna.com [302] []
https://qawww.aetnadental.vaeiq.aetna.com [302] [302 Found]
https://qawww.aetnamedicaidportal.vaeiq.aetna.com [403] [IIS 8.0 Detailed Error - 403.14 - Forbidden]
https://qawww.aetna.com [200] [Health Insurance Plans | Aetna]
http://qawww.aetnastudenthealth.vaeiq.aetna.com [302] []
http://qawww.marylandphysicianscare.vaeiq.aetna.com [403] [IIS 8.0 Detailed Error - 403.14 - Forbidden]
https://qawww10.aetna.com [403] [403 - Forbidden: Access is denied.]
https://qawww10.vaeiq.aetna.com [403] [IIS 8.0 Detailed Error - 403.14 - Forbidden]
https://qawww11.aetna.com [502] [502 - Web server mvmqshdarris02 received an invalid response while acting as a gateway or proxy server.]
https://qawww11.vaeiq.aetna.com [401] [401: Access Denied]
https://qawww30.aetna.com [302] [302 Found]
https://qawww20.aetna.com [403] []
https://qawww35.vaeiq.aetna.com [404] []
https://qawww35.aetna.com [200] []
https://qaxwww20.vaeiq.aetna.com [403] []
https://qaxwww30.vaeiq.aetna.com [302] [302 Found]
https://qaxwww20.aetna.com [403] []
https://qaxwww33.vaeiq.aetna.com [200] []
https://r-qa2.cvs.com [302] []
https://r-pt2.cvs.com [302] []
https://qaxwww30.aetna.com [302] [302 Found]
https://r.cvs.com [302] []
https://qaxwww33.aetna.com [200] []
https://qaxwww34.aetna.com [500] []
https://qrs.aei.aetna.com [200] []
https://qrs.aetna.com [401] [401 - Unauthorized: Access is denied due to invalid credentials.]
https://reg1-fs.cvs.com [403] [403]
https://reg2-fs.cvs.com [403] [403]
https://redirect.viglink.com [307] [Sovrn.co is a URL shortening service owned by Sovrn Holdings, Inc.]
https://requestcenter.cvscaremark.com [200] [Caremark Client Portal]
https://refer-photo.cvs.com [204] []
https://registry-console-default.ocpregistry.cld.aetna.com [503] []
https://registry-console-default.ocpregistry.aetna.com [200] [Loading...]
https://reports.cvshealth.com [301] [301 Moved Permanently]
https://retailepicfhir.cvshealth.com [200] [IIS Windows Server]
https://resource.cvscaremark.com [200] [Maintenance Page]
https://rri1expeapl1p.cvshealth.com [303] []
https://s-edit3.cvs.com [403] [Access Denied]
https://rxsavingsplus.com [403] [Access Denied]
https://rxinfo-qa.aetna.com [200] [Aetna]
https://rxhealthalerts.com [200] []
https://sandbox.digital-services.cvshealth.com [403] [403]
https://rxinfo.aetna.com [200] [Aetna]
https://sandbox-api-mtls.cvshealth.com [404] [404 Not Found]
https://s.cvs.com [301] []
https://rxnav.caremark.com [200] [Apache Tomcat/9.0.37]
https://sdk.cvshealth.com [200] [CVS Health SDK]
https://sdkservices.caremark.com [404] []
https://sdkservices-2wayssl.caremark.com [403] []
https://scheduling.minuteclinic.com [302] [Object moved]
https://sdkdev1.caremark.com [200] [Test Page for the Nginx HTTP Server on Red Hat Enterprise Linux]
https://script2017071.cvshealth.com [200] [TIBCO BusinessWorks - Error 404: WSDL file not Found.]
https://sdkdev2.caremark.com [200] [Test Page for the Nginx HTTP Server on Red Hat Enterprise Linux]
https://sdkdev3.caremark.com [403] [403 Forbidden]
https://sdk-pt.caremark.com [200] []
https://sdk-cte.caremark.com [200] []
https://sdksit5.caremark.com [200] []
https://sdksit2.caremark.com [200] []
https://sdksit1.caremark.com [403] []
https://seo-sitemap-dev.cvs.com [200] []
https://seo-sitemap.cvs.com [403] [403]
https://seo.cvs.com [301] []
https://sdksit6.caremark.com [200] []
https://seo-devapps.cvs.com [404] [404 Not Found]
https://seo-dev.cvs.com [403] [Access Denied]
https://sdksit3.caremark.com [200] []
https://sdksit4.caremark.com [200] []
https://services-sit2.cvs.com [302] [Loading]
https://services-sit1.cvs.com [302] [Loading]
https://services-sit3.cvs.com [404] []
https://servicenowservices.cvshealth.com [401] []
https://services.cvshealth.com [404] []
https://services.cvs.com [404] []
https://selfservice.aei.aetna.com [301] []
https://sdk.caremark.com [503] [Error]
https://services2.caremark.com [403] [403 Forbidden]
https://services-uat3.cvs.com [503] [Service Unavailable - Fail to connect]
https://sip.aetna.com [404] []
https://sit-espanol.caremark.com [401] [Error]
https://sit.digital-services.cvshealth.com [403] [403]
https://sit-cvshealth2faccess.caremark.com [200] [CVSCaremark Online Applications | CVSHealth - redirect]
https://sit1-2waysslservices.caremark.com [403] [Access Denied]
https://sit1-omniviewmobile.caremark.com [400] [Invalid URL]
https://sit1.digital-healthservices.cvs.com [404] []
https://sit1.digital-health4life.cvshealth.com [403] [403]
https://sit1.digital-avscan.cvshealth.com [403] [403]
https://sit1.digital-pbm-rx-sit.cvshealth.com [403] [403]
https://sit1.digital-services.cvshealth.com [403] [403]
https://sit1.digital-subscription-qa.cvs.com [403] [403]
https://sit1-meddplanfinder.cvs.com [503] [Service Unavailable]
https://simplestepslife.aetna.com [302] [302 Found]
https://sit1care.cvs.com [403] [Access Denied]
https://sit1aetnarptrx.aetna.com [200] [Apache Tomcat/9.0.37]
https://sit.digital-health4life.cvshealth.com [403] [403]
https://sit1benefitconsultant.caremark.com [200] []
https://sit1cca85.caremark.com [200] [Caremark Client Portal]
https://sit1client85.caremark.com [200] [Caremark Client Portal]
https://sit1client.caremark.com [200] [Caremark Client Portal]
https://sit1client.aetna.com [200] [Maintenance Page]
https://sit1depservices.cvs.com [503] [Service Unavailable]
https://sit1ds.caremark.com [200] [Caremark.com]
https://sit1fast.caremark.com [200] [Easy Refill]
https://sit1entservices.cvs.com [404] []
https://sit1m.caremark.com [302] []
https://sit1formularysearch85.caremark.com [301] [301 Moved Permanently]
https://sit1pbmservices.caremark.com [403] [Access Denied]
https://sit1pbm.aetna.com [302] []
https://sit1espanolpbm.aetna.com [302] []
https://sit1requestcenter.cvscaremark.com [200] [Caremark Client Portal]
https://sit1sdkservices-2wayssl.caremark.com [403] []
https://sit1sfdc85.caremark.com [200] []
https://sit1rxnav.caremark.com [200] [Apache Tomcat/9.0.37]
https://sit1specialtyservices.caremark.com [404] []
https://sit1sdkservices.caremark.com [404] []
https://sit2-2waysslservices.caremark.com [403] [Access Denied]
https://sit1www.caremark.com [200] [CVS Caremark | PBM & Mail Order Pharmacy | Sign In]
https://sit2.digital-services.cvshealth.com [403] [403]
https://sit1webtransport.caremark.com [200] []
https://sit2.digital-pbm-rx-sit.cvshealth.com [403] [403]
https://sit2.digital-subscription-qa.cvs.com [403] [403]
https://sit2.digital-health4life.cvshealth.com [403] [403]
https://sit1xws85.caremark.com [200] [Caremark Redirection Page]
https://sit1physicianservices.caremark.com [503] [Error]
https://sit2care.cvs.com [403] [Access Denied]
https://sit2depservices.cvs.com [403] [Access Denied]
https://sit2client85.caremark.com [200] [Caremark Client Portal]
https://sit2client.caremark.com [200] [Caremark Client Portal]
https://sit2benefitservices.caremark.com [403] [403 Forbidden]
https://sit2benefitconsultant.caremark.com [200] []
https://sit2cca85.caremark.com [200] [Caremark Client Portal]
https://sit2ds.caremark.com [200] []
https://sit2client.aetna.com [200] [Maintenance Page]
https://sit2formularysearch85.caremark.com [301] [301 Moved Permanently]
https://sit2m.caremark.com [302] []
https://sit2pbm.aetna.com [302] []
https://sit2fast.caremark.com [200] [Refill Reminder]
https://sit2pbmservices.caremark.com [403] [Access Denied]
https://sit2espanolpbm.aetna.com [302] []
https://sit2sdkservices-2wayssl.caremark.com [403] []
https://sit2sdkservices.caremark.com [404] []
https://sit2www.caremark.com [200] [CVS Caremark | PBM & Mail Order Pharmacy | Sign In]
https://sit3-2waysslservices.caremark.com [403] [Access Denied]
https://sit2sfdc85.caremark.com [200] []
https://sit3.digital-services.cvshealth.com [403] [403]
https://sit2services85.caremark.com [403] [403 Forbidden]
https://sit2specialtyservices.caremark.com [404] []
https://sit3.digital-pbm-rx-sit.cvshealth.com [403] [403]
https://sit2xws85.caremark.com [200] [Caremark Redirection Page]
https://sit3benefitconsultant.caremark.com [200] []
https://sit2physicianservices.caremark.com [503] [Error]
https://sit3benefitservices.caremark.com [200] []
https://sit3depservices.cvs.com [404] []
https://sit3client.caremark.com [200] [Caremark Client Portal]
https://sit3cdh85.caremark.com [200] [Caremark Redirection Page]
https://sit3client.aetna.com [200] [Maintenance Page]
https://sit3client85.caremark.com [200] [Caremark Client Portal]
https://sit3fast.caremark.com [200] []
https://sit3m.caremark.com [302] []
https://sit3pbm.aetna.com [302] []
https://sit3espanolpbm.aetna.com [302] []
https://sit3pbmservices.caremark.com [403] [Access Denied]
https://sit3sdkservices-2wayssl.caremark.com [403] []
https://sit3sdkservices.caremark.com [404] []
https://sit3sfdc85.caremark.com [200] []
https://sit3specialtyservices.caremark.com [404] []
https://sit4.digital-pbm-rx-sit.cvshealth.com [403] [403]
https://sit4.digital-services.cvshealth.com [403] [403]
https://sit3www.caremark.com [200] [Maintenance Page]
https://sit5.digital-services.cvshealth.com [403] [403]
https://sit5sdkservices-2wayssl.caremark.com [403] []
https://sit6.digital-services.cvshealth.com [403] [403]
https://sit3physicianservices.caremark.com [503] [Error]
https://sit6sdkservices-2wayssl.caremark.com [403] []
https://sit5sdkservices.caremark.com [404] []
https://sit6sdkservices.caremark.com [404] []
https://sls.aei.aetna.com [200] []
https://slsxt.aei.aetna.com [200] []
https://sit4sdkservices.caremark.com [404] []
https://sit3xws85.caremark.com [200] [Caremark Redirection Page]
https://specialtyservices.caremark.com [404] []
https://ssiwebservices.aetna.com [200] []
https://staging.care.cvs.com [403] [Access Denied]
https://st1.aei.aetna.com [200] []
https://st2.aei.aetna.com [200] []
https://st3.aei.aetna.com [200] []
https://st2.aetna.com [200] []
https://st3.aetna.com [200] []
https://states.cvshealth.com [403] [Access Denied]
https://st4.aei.aetna.com [200] []
https://static.cvs.com [403] [Access Denied]
https://st1.aetna.com [200] []
https://static-assets.cvshealth.com [302] []
https://staging.aetna.com [404] []
http://stage.wejoinyou.aetna.com [302] []
https://stage.encompassfertility.com [200] [Home | CVS Encompass]
https://st4.aetna.com [200] []
https://st5.aetna.com [200] []
https://staging2.aei.aetna.com [301] [301 Moved Permanently]
https://ste-ms.cvshealth.com [403] [403]
http://stage.wejoinyou.cld.aetna.com [302] []
https://staging3.aei.aetna.com [301] [301 Moved Permanently]
https://staging3.aetna.com [301] [301 Moved Permanently]
https://staging2.aetna.com [301] [301 Moved Permanently]
https://staging4.aei.aetna.com [301] [301 Moved Permanently]
https://stg1-fs.cvs.com [403] [403]
https://stg2-fs.cvs.com [403] [403]
https://staging.aei.aetna.com [404] []
https://staging4.aetna.com [301] [301 Moved Permanently]
https://stars.aei.aetna.com [403] [403 - Forbidden: Access is denied.]
http://splash.aei.aetna.com [200] [System Outage Page]
https://stars.aetna.com [403] [403 - Forbidden: Access is denied.]
https://starssurvey.aei.aetna.com [403] [403 - Forbidden: Access is denied.]
https://starssurvey.aetna.com [502] [502 - Web server received an invalid response while acting as a gateway or proxy server.]
https://static-qa1.cvs.com [503] [Service Unavailable]
https://stgabsence.vaeiq.aetna.com [403] [IIS 8.0 Detailed Error - 403.14 - Forbidden]
https://stgpihms.aei.aetna.com [302] [302 Found]
https://stgabsence.aetna.com [502] [502 - Web server mvmqshdarris02 received an invalid response while acting as a gateway or proxy server.]
https://stgpihms.aetna.com [302] [302 Found]
https://stpfast.caremark.com [200] [Easy Refill]
https://str-author.cvshealth.com [502] [502 Bad Gateway]
http://straem.xnp.aws.aetna.com [302] []
http://str2aem.xnp.aws.aetna.com [302] []
https://stressapih2.aetna.com [404] []
https://stressapih1.aetna.com [404] []
https://stressapih1.vaeiq.aetna.com [404] []
http://stpwww.caremark.com [301] []
https://strmedicaid.vaeiq.aetna.com [302] [302 Found]
https://strmedicaid.aetna.com [302] [302 Found]
http://str2es.aetna.com [302] []
http://str2www.aetna.com [301] []
https://styleguide.cld.aetna.com [302] []
https://styleguide.aetna.com [302] []
https://t-akatest.cvs.com [302] []
https://swaggerhub-test.cvshealth.com [403] [403]
https://t-uat.cvs.com [302] []
https://t.caremark.com [200] [Pharmacy | Manage, Transfer, & Refill Prescriptions Online | CVS Pharmacy]
https://t-beta.cvs.com [302] []
https://t-uat.caremark.com [302] []
https://t.cvs.com [200] [Pharmacy | Manage, Transfer, & Refill Prescriptions Online | CVS Pharmacy]
https://surveystudy-es.cvshealth.com [301] [301 Moved Permanently]
http://teamcity-cloud.aetna.com [302] []
http://teamcity-cloud.cld.aetna.com [302] []
https://test.reports.cvshealth.com [301] [301 Moved Permanently]
https://testhl7.cvshealth.com [200] [TIBCO BusinessWorks - Error 404: WSDL file not Found.]
https://tnl1-photo.cvs.com [404] [HTTP Status 404 – Not Found]
https://testpostscript2017071.cvshealth.com [200] []
https://tnl3-photo.cvs.com [404] [HTTP Status 404 – Not Found]
https://tnl-photo.cvs.com [404] [HTTP Status 404 – Not Found]
https://testscript2017071.cvshealth.com [200] [TIBCO BusinessWorks - Error 404: WSDL file not Found.]
https://tracing-np.dev.digital-messaging.cvshealth.com [403] [403]
https://tracing-np.digital-avscan.qa.cvshealth.com [403] [403]
https://tracing-np.digital-messaging-dev.cvshealth.com [403] [403]
https://tracing-np.digital-messaging-qa.cvshealth.com [403] [403]
https://tracing-np.digital-pbm-rx-dev.cvshealth.com [403] [403]
https://tracing-np.digital-pbm-rx-pt.cvshealth.com [403] [403]
https://tracing-np.digital-retail-rx-dev.cvshealth.com [403] [403]
https://tracing-np.digital-specialty-rx-cq-dev.cvshealth.com [403] [403]
https://tracing-np.digital-retail-rx-qa.cvshealth.com [403] [403]
https://tracing-np.digital-specialty-rx-dev.cvshealth.com [403] [403]
https://tracing-np.pt-mfe-ms.cvshealth.com [403] [403]
https://tracing-np.sit1.digital-avscan.cvshealth.com [403] [403]
https://tracing-prod-ohs-ms.cvshealth.com [403] [403]
https://tnl2-photo.cvs.com [404] [HTTP Status 404 – Not Found]
https://tracing-qa-ecomm.cvshealth.com [403] [403]
https://tracing-np.digital-shared-services-dev.cvshealth.com [403] [403]
https://tracing.digital-services.cvshealth.com [403] [403]
https://tracing.prod.digital-clientapi.cvshealth.com [403] [403]
https://tracing.ste-ms.cvshealth.com [403] [403]
https://tracing.digital-messaging-prod.cvshealth.com [403] [403]
https://token.aei.aetna.com [200] []
https://token.aetna.com [301] []
http://theagency.cld.aetna.com [302] []
https://tracing-prod-dr-ohs-ms.cvshealth.com [403] [403]
https://tririga.cvshealth.com [302] []
https://transautoemail.aetna.com [404] []
https://tracing-np.digital-pbm-rx-pt-west.cvshealth.com [403] [403]
https://tracing-np.digital-shared-services-qa.cvshealth.com [403] [403]
https://tracingnp.digital-services.cvshealth.com [403] [403]
https://testpayments.cnpapi.cvs.com [503] [Error]
https://twitter.com [200] []
https://tstwebtransport.cvs.com [401] [Error 401 Unauthorized]
https://uat-omniviewmobile.caremark.com [400] [Invalid URL]
https://uat-vaccines.cvs.com [302] []
https://tstwebtransport.caremark.com [200] []
https://tstservicenowservices.cvshealth.com [401] []
https://uat1-fs.cvs.com [403] [403]
https://uat.art.aetna.com [200] [ART - Reporting]
https://uat2-fs.cvs.com [403] [403]
https://tracing-np.digital-pbm-rx-sit.cvshealth.com [403] [403]
https://tracing-np.digital-retail-rx-ice-dev.cvshealth.com [403] [403]
https://uat3-fs.cvs.com [403] [403]
https://uatdepservices.cvs.com [403] [Access Denied]
https://vaccineclinicscheduler-uat.cvs.com [302] []
https://vaccines.cvs.com [301] []
https://vaccineclinicscheduler.cvs.com [302] []
http://turnersa@aetna.com [302] []
https://vault-prod.cvshealth.com [403] [403]
https://videovisit-qa.cvs.com [530] [Origin DNS error | videovisit-qa-cvs.teladoc.com | Cloudflare]
https://videovisit.cvs.com [301] []
https://videovisit-uat.cvs.com [502] [502 Bad Gateway]
https://vendorportal.cvs.com [302] [302 Found]
https://vendorportal-uat.cvs.com [302] [302 Found]
https://vhosts.aetna.com [404] []
https://vaccines-west.cvs.com [302] []
https://view.em.cvs.com [302] [Object moved]
https://view.e.myplanportal.com [302] [Object moved]
https://view.em.virtualcare.cvs.com [302] [Object moved]
https://view.ema.ahm.aetna.com [302] [Object moved]
https://view.email.ahm.aetna.com [302] [Object moved]
https://vidtube.aei.aetna.com [403] [403 - Forbidden: Access is denied.]
https://vidtube.aetna.com [302] [Document Moved]
https://virtual-care-dev.cvs.com [403] [Access Denied]
https://virtual-care-patient-stg.cvs.com [403] [Access Denied]
https://virtual-care-visit.cvs.com [301] []
https://virtual-care-visit-dev.cvs.com [403] [Access Denied]
https://virtual-care-guest-stg.cvs.com [403] [Access Denied]
https://virtual-care.cvs.com [200] [Visit Now]
https://virtual-care-guest.cvs.com [200] [Connect EHR Converge]
https://view.ema.aetna.com [302] [Object moved]
https://virtual-care-patient.cvs.com [200] [Launch Visit]
https://viptfaeast.cvs.com [301] []
https://viptfawest.caremark.com [301] []
https://view.e.healthcloud.cvshealth.com [302] [Object moved]
https://wallet-dev.cvshealth.com [403] [403 Forbidden]
https://vnestream.aei.aetna.com [403] [403 - Forbidden: Access is denied.]
https://vnestream.aetna.com [502] [502 - Web server received an invalid response while acting as a gateway or proxy server.]
https://virtual-care-stg.cvs.com [403] [Access Denied]
https://voices.cvshealth.com [200] [CVS Health Colleague Engagement Survey]
https://view.email.healthcloud.cvshealth.com [302] [Object moved]
https://webcon2f.caremark.com [302] []
https://webmail.aei.aetna.com [200] [Disabled]
https://webmail.aetna.com [200] [Disabled]
https://webtransport.cvs.com [200] []
https://webtransport.caremark.com [200] []
https://wejoinyou.cld.aetna.com [301] []
https://wfo.cvshealth.com [404] [WFO Secure Web Gateway]
https://wejoinyou.aetna.com [301] []
http://wellnessonwheels.cld.aetna.com [302] []
https://weeklyad.cvs.com [302] []
https://wfm.cvshealth.com [503] [Error]
http://webmailqa.aetna.com [302] []
http://webmailqa.vaeiq.aetna.com [302] []
https://wkab.aetna.com [404] [Not Found]
https://wkab.aei.aetna.com [404] [Not Found]
http://womenshealth.aetna.com [302] [302 Found]
https://www-akatest.cvs.com [302] []
https://www-dev1.cvs.com [302] []
https://www-akatest.caremark.com [301] []
https://www-it2.cvs.com [403] [Access Denied]
https://www-it1.cvs.com [403] [Access Denied]
https://www-it3.cvs.com [403] [Access Denied]
https://www-it4.cvs.com [403] [Access Denied]
https://www-qa1.cvs.com [403] [Access Denied]
https://www-pt2.cvs.com [403] [Access Denied]
https://www-qa2.cvs.com [403] [Access Denied]
https://www-qa3.cvs.com [403] [Access Denied]
https://www-qa4.cvs.com [403] [Access Denied]
https://www-uat1.cvs.com [403] [Access Denied]
https://www-reg1.cvs.com [403] [Access Denied]
https://www-uat2.cvs.com [403] [Access Denied]
https://www-uat3.cvs.com [403] [Access Denied]
https://www.care.cvs.com [301] []
https://www-uat4.cvs.com [403] [Access Denied]
https://www.cvs.com [302] []
https://www.cvscare.com [301] []
https://www.cvsspecialty.com [200] [Specialty Pharmacy, Medication & Support – CVS Specialty]
https://www.forbes.com [200] [Forbes]
https://www.census.gov [200] [Census.gov]
https://www.caremark.com [200] [CVS Caremark | PBM & Mail Order Pharmacy | Sign In]
https://www.facebook.com [200] [Facebook]
https://www.applytracking.com [200] []
https://www.cvstransitions.com [404] [Web Site Not Found]
https://www.allinahealthaetna.myplanportal.com [200] [Forward to another page on Aetna.com]
https://www.cvshealth.com [200] [Leading Health Care Solutions Company | CVS Health]
https://www.instagram.com [200] [Instagram]
https://www.cvsaco.com [200] [CVS Accountable Care™ | CVSACO]
https://www.navarro.com [200] [Discount Fragrances, Health, Beauty Care - Hispanic Products | Navarro.com]
https://www.rxsavingsplus.com [403] [Access Denied]
https://www.minuteclinic.com [301] []
https://www.discoveraetna.com [301] []
https://www.encompassfertility.com [200] [Home | CVS Encompass]
https://www.rxhealthalerts.com [200] []
https://www.innovationhealth.myplanportal.com [200] [Forward to another page on Aetna.com]
http://www.allinahealthaetna.aei.aetna.com [301] []
http://www.aetnacommunitycare.cld.aetna.com [302] []
https://www.kidneyconfident.com [301] []
https://www.medicaresupportcenter.aei.aetna.com [301] []
https://www.banneraetna.myplanportal.com [200] [Forward to another page on Aetna.com]
https://www-reg2.cvs.com [403] [Access Denied]
https://www.myworkplaceinfo.com [404] [Web Site Not Found]
https://www.texashealthaetna.myplanportal.com [200] [Forward to another page on Aetna.com]
https://www1.aetna.com [301] [301 Moved Permanently]
https://www.specialtyconditionmanagement.com [301] [Document Moved]
https://www2.caremark.com [301] []
https://www1.caremark.com [200] [Caremark Redirection Page]
https://www11.caremark.com [403] [403 - Forbidden: Access is denied.]
https://www185.caremark.com [200] [Caremark Redirection Page]
https://www.aetna.com [200] [Health Insurance Plans | Aetna]
https://www11.aetna.com [403] [403 - Forbidden: Access is denied.]
https://www12.aei.aetna.com [403] [403 - Forbidden: Access is denied.]
https://www.bmshc.cld.aetna.com [200] [Home :: Bucks and Montgomery County Schools]
https://www11.aei.aetna.com [403] [403 - Forbidden: Access is denied.]
https://www20.aei.aetna.com [404] []
https://www10.aetna.com [403] [403 - Forbidden: Access is denied.]
https://www30.aetna.com [302] [302 Found]
http://www-beta.cvs.com [301] []
https://www.sutterhealthaetna.myplanportal.com [200] [Forward to another page on Aetna.com]
https://www33.aei.aetna.com [200] []
https://www.suppinsadmin.aei.aetna.com [200] []
https://www12.aetna.com [403] [403 - Forbidden: Access is denied.]
https://www33.aetna.com [200] []
https://www34.aei.aetna.com [404] []
https://www34.aetna.com [500] []
https://www35.aei.aetna.com [404] []
https://www20.aetna.com [404] []
https://www51.aei.aetna.com [404] []
https://www35.aetna.com [200] []
https://www51.aetna.com [404] []
http://www.bmshc.aetna.com [302] []
http://www.usnews.com [301] []
https://xmedicaidtableau.aetna.com [200] []
http://xtranet.aei.aetna.com [302] [Document Moved]
http://xtranet.aetna.com [302] [Document Moved]
https://xtranet3.waei.aetna.com [200] []
https://xtranet3.aetna.com [200] []
